Tiempo C++ longitud=13
Start
Number of generated k-mers: 67108864
Finish!

real	0m0,727s
user	0m0,725s
sys	0m0,001s

Tiempo python original longitud =13
[22;0t]0;IPython: lab2/BasicoStart
Number of generated k-mers: 67108864

1min ± 801 ms per loop (mean ± std. dev. of 3 runs, 1 loop each)

Finish!

Tiempo python optimizado longitud=13
[22;0t]0;IPython: lab2/BasicoStart
Number of generated k-mers: 67108864

509 ms ± 463 µs per loop (mean ± std. dev. of 2 runs, 1 loop each)

Finish!

Tiempo C++ longitud=14
Start
Number of generated k-mers: 268435456
Finish!

real	0m2,926s
user	0m2,922s
sys	0m0,001s

Tiempo python original longitud=14
[22;0t]0;IPython: lab2/BasicoStart
Number of generated k-mers: 268435456

3min 56s ± 3.07 s per loop (mean ± std. dev. of 3 runs, 1 loop each)

Finish!

Tiempo python optimizado longitud=14
[22;0t]0;IPython: lab2/BasicoStart
Number of generated k-mers: 268435456

2.02 s ± 91.1 µs per loop (mean ± std. dev. of 2 runs, 1 loop each)

Finish!
